<?xml version="1.0" encoding="utf-8"?><testsuites name="pytest tests"><testsuite name="pytest" errors="0" failures="0" skipped="0" tests="26" time="8.007" timestamp="2026-06-19T07:40:41.405062+00:00" hostname="agent-env-fe5a8489-a633-465b-933b-b66e2d36e8b8"><testcase classname="backend.tests.test_umkm_api.TestAuth" name="test_login_success_sets_cookies" time="0.673" /><testcase classname="backend.tests.test_umkm_api.TestAuth" name="test_bearer_token_works_without_cookies" time="0.855" /><testcase classname="backend.tests.test_umkm_api.TestAuth" name="test_login_invalid" time="0.484" /><testcase classname="backend.tests.test_umkm_api.TestAuth" name="test_me_with_cookie" time="0.506" /><testcase classname="backend.tests.test_umkm_api.TestAuth" name="test_me_without_cookie_401" time="0.174" /><testcase classname="backend.tests.test_umkm_api.TestAuth" name="test_register_new_user_autologin" time="0.537" /><testcase classname="backend.tests.test_umkm_api.TestAuth" name="test_register_duplicate_email" time="0.196" /><testcase classname="backend.tests.test_umkm_api.TestAuth" name="test_logout_clears_cookies" time="0.525" /><testcase classname="backend.tests.test_umkm_api.TestProtection" name="test_endpoints_require_auth[/mitra]" time="0.147" /><testcase classname="backend.tests.test_umkm_api.TestProtection" name="test_endpoints_require_auth[/products]" time="0.143" /><testcase classname="backend.tests.test_umkm_api.TestProtection" name="test_endpoints_require_auth[/transactions]" time="0.185" /><testcase classname="backend.tests.test_umkm_api.TestProtection" name="test_endpoints_require_auth[/dashboard/today]" time="0.132" /><testcase classname="backend.tests.test_umkm_api.TestProtection" name="test_endpoints_require_auth[/dashboard/chart]" time="0.173" /><testcase classname="backend.tests.test_umkm_api.TestMitra" name="test_create_list_delete" time="0.299" /><testcase classname="backend.tests.test_umkm_api.TestMitra" name="test_delete_mitra_cascades_products_and_transactions" time="0.355" /><testcase classname="backend.tests.test_umkm_api.TestMitra" name="test_update_mitra_cascades_name_to_products_and_transactions" time="0.425" /><testcase classname="backend.tests.test_umkm_api.TestMitra" name="test_update_mitra_duplicate_name_400" time="0.299" /><testcase classname="backend.tests.test_umkm_api.TestMitra" name="test_update_mitra_not_found_404" time="0.062" /><testcase classname="backend.tests.test_umkm_api.TestProducts" name="test_create_with_bad_mitra" time="0.056" /><testcase classname="backend.tests.test_umkm_api.TestProducts" name="test_update_and_delete" time="0.245" /><testcase classname="backend.tests.test_umkm_api.TestTransactions" name="test_create_calculates_profit_and_pendapatan" time="0.305" /><testcase classname="backend.tests.test_umkm_api.TestTransactions" name="test_create_with_bad_product" time="0.060" /><testcase classname="backend.tests.test_umkm_api.TestDashboard" name="test_today_returns_metrics_and_cards" time="0.252" /><testcase classname="backend.tests.test_umkm_api.TestDashboard" name="test_chart_periods[daily-7]" time="0.067" /><testcase classname="backend.tests.test_umkm_api.TestDashboard" name="test_chart_periods[weekly-8]" time="0.102" /><testcase classname="backend.tests.test_umkm_api.TestDashboard" name="test_chart_periods[monthly-6]" time="0.118" /></testsuite></testsuites>