<?xml version="1.0" encoding="utf-8"?><testsuites name="pytest tests"><testsuite name="pytest" errors="0" failures="0" skipped="0" tests="24" time="12.108" timestamp="2026-06-21T23:29:14.387957+00:00" hostname="agent-env-fe5a8489-a633-465b-933b-b66e2d36e8b8"><testcase classname="backend.tests.test_umkm_api.TestAuth" name="test_login_returns_tokens" time="1.328" /><testcase classname="backend.tests.test_umkm_api.TestAuth" name="test_bearer_token_works" time="1.447" /><testcase classname="backend.tests.test_umkm_api.TestAuth" name="test_login_invalid" time="0.823" /><testcase classname="backend.tests.test_umkm_api.TestProtection" name="test_endpoints_require_auth[/cabang]" time="0.241" /><testcase classname="backend.tests.test_umkm_api.TestProtection" name="test_endpoints_require_auth[/mitra]" time="0.222" /><testcase classname="backend.tests.test_umkm_api.TestProtection" name="test_endpoints_require_auth[/products]" time="0.231" /><testcase classname="backend.tests.test_umkm_api.TestProtection" name="test_endpoints_require_auth[/transactions]" time="0.220" /><testcase classname="backend.tests.test_umkm_api.TestProtection" name="test_endpoints_require_auth[/dashboard/today]" time="0.187" /><testcase classname="backend.tests.test_umkm_api.TestProtection" name="test_endpoints_require_auth[/dashboard/chart]" time="0.178" /><testcase classname="backend.tests.test_umkm_api.TestCabang" name="test_migration_default_cabang_exists" time="0.700" /><testcase classname="backend.tests.test_umkm_api.TestCabang" name="test_crud_cycle" time="0.405" /><testcase classname="backend.tests.test_umkm_api.TestCabang" name="test_update_cascades_name_to_dependents" time="0.680" /><testcase classname="backend.tests.test_umkm_api.TestCabang" name="test_delete_cascades_dependents" time="0.609" /><testcase classname="backend.tests.test_umkm_api.TestCabang" name="test_cannot_delete_last_cabang" time="0.154" /><testcase classname="backend.tests.test_umkm_api.TestMitra" name="test_create_requires_cabang" time="0.060" /><testcase classname="backend.tests.test_umkm_api.TestMitra" name="test_invalid_cabang_404" time="0.065" /><testcase classname="backend.tests.test_umkm_api.TestMitra" name="test_duplicate_per_cabang_but_allowed_across" time="0.572" /><testcase classname="backend.tests.test_umkm_api.TestMitra" name="test_update_mitra_change_cabang_cascades" time="0.719" /><testcase classname="backend.tests.test_umkm_api.TestProducts" name="test_product_inherits_cabang_and_has_reset_date" time="0.255" /><testcase classname="backend.tests.test_umkm_api.TestProducts" name="test_list_filtered_by_cabang" time="0.314" /><testcase classname="backend.tests.test_umkm_api.TestTransactionsStock" name="test_profit_and_pendapatan" time="0.551" /><testcase classname="backend.tests.test_umkm_api.TestTransactionsStock" name="test_stock_limit_rejects_over_remaining" time="0.769" /><testcase classname="backend.tests.test_umkm_api.TestDashboard" name="test_today_filtered_by_cabang" time="0.644" /><testcase classname="backend.tests.test_umkm_api.TestDashboard" name="test_chart_with_cabang_filter" time="0.058" /></testsuite></testsuites>